<?xml version="1.0" encoding="UTF-8"?>
<coverage generated="1763492324658" clover="3.2.0">
  <project timestamp="1763492324658" name="All files">
    <metrics statements="70" coveredstatements="57" conditionals="35" coveredconditionals="25" methods="14" coveredmethods="12" elements="119" coveredelements="94" complexity="0" loc="70" ncloc="70" packages="1" files="2" classes="2"/>
    <file name="base64.ts" path="/home/runner/work/SYMBI-Resonate/SYMBI-Resonate/src/lib/audit/base64.ts">
      <metrics statements="15" coveredstatements="11" conditionals="2" coveredconditionals="2" methods="2" coveredmethods="2"/>
      <line num="1" count="6" type="stmt"/>
      <line num="2" count="3" type="cond" truecount="1" falsecount="0"/>
      <line num="3" count="3" type="stmt"/>
      <line num="4" count="3" type="stmt"/>
      <line num="5" count="102" type="stmt"/>
      <line num="6" count="3" type="stmt"/>
      <line num="8" count="0" type="stmt"/>
      <line num="9" count="0" type="stmt"/>
      <line num="12" count="6" type="stmt"/>
      <line num="13" count="3" type="cond" truecount="1" falsecount="0"/>
      <line num="14" count="3" type="stmt"/>
      <line num="15" count="134" type="stmt"/>
      <line num="16" count="3" type="stmt"/>
      <line num="18" count="0" type="stmt"/>
      <line num="19" count="0" type="stmt"/>
    </file>
    <file name="crypto-utils.ts" path="/home/runner/work/SYMBI-Resonate/SYMBI-Resonate/src/lib/audit/crypto-utils.ts">
      <metrics statements="55" coveredstatements="46" conditionals="33" coveredconditionals="23" methods="12" coveredmethods="10"/>
      <line num="1" count="5" type="stmt"/>
      <line num="3" count="5" type="stmt"/>
      <line num="4" count="28" type="stmt"/>
      <line num="5" count="28" type="cond" truecount="3" falsecount="0"/>
      <line num="6" count="28" type="stmt"/>
      <line num="7" count="896" type="stmt"/>
      <line num="9" count="0" type="stmt"/>
      <line num="10" count="0" type="stmt"/>
      <line num="15" count="5" type="stmt"/>
      <line num="16" count="2" type="cond" truecount="1" falsecount="1"/>
      <line num="17" count="2" type="cond" truecount="1" falsecount="1"/>
      <line num="18" count="2" type="cond" truecount="2" falsecount="1"/>
      <line num="19" count="128" type="stmt"/>
      <line num="20" count="64" type="stmt"/>
      <line num="21" count="4" type="stmt"/>
      <line num="22" count="2" type="stmt"/>
      <line num="23" count="64" type="stmt"/>
      <line num="26" count="5" type="stmt"/>
      <line num="27" count="3" type="cond" truecount="0" falsecount="1"/>
      <line num="28" count="3" type="stmt"/>
      <line num="29" count="3" type="stmt"/>
      <line num="30" count="6" type="stmt"/>
      <line num="31" count="6" type="stmt"/>
      <line num="32" count="9" type="stmt"/>
      <line num="33" count="9" type="cond" truecount="2" falsecount="0"/>
      <line num="34" count="9" type="stmt"/>
      <line num="36" count="6" type="stmt"/>
      <line num="38" count="3" type="stmt"/>
      <line num="41" count="5" type="stmt"/>
      <line num="43" count="4" type="cond" truecount="2" falsecount="0"/>
      <line num="44" count="4" type="cond" truecount="1" falsecount="0"/>
      <line num="45" count="2" type="stmt"/>
      <line num="46" count="2" type="stmt"/>
      <line num="47" count="2" type="stmt"/>
      <line num="48" count="2" type="cond" truecount="1" falsecount="1"/>
      <line num="49" count="2" type="stmt"/>
      <line num="52" count="2" type="cond" truecount="2" falsecount="0"/>
      <line num="53" count="2" type="cond" truecount="3" falsecount="0"/>
      <line num="54" count="2" type="cond" truecount="1" falsecount="0"/>
      <line num="55" count="1" type="stmt"/>
      <line num="56" count="2" type="stmt"/>
      <line num="57" count="0" type="cond" truecount="0" falsecount="1"/>
      <line num="58" count="0" type="stmt"/>
      <line num="59" count="0" type="stmt"/>
      <line num="60" count="0" type="cond" truecount="0" falsecount="1"/>
      <line num="62" count="0" type="cond" truecount="0" falsecount="3"/>
      <line num="65" count="2" type="cond" truecount="1" falsecount="0"/>
      <line num="66" count="1" type="stmt"/>
      <line num="67" count="1" type="cond" truecount="3" falsecount="0"/>
      <line num="68" count="1" type="stmt"/>
      <line num="69" count="1" type="stmt"/>
      <line num="70" count="1" type="stmt"/>
      <line num="71" count="1" type="stmt"/>
      <line num="74" count="0" type="stmt"/>
      <line num="75" count="0" type="stmt"/>
    </file>
  </project>
</coverage>
