{"C:\\Users\\Stephen\\Documents\\trae_projects\\symbi-resonate\\src\\lib\\audit\\base64.ts": {"path":"C:\\Users\\Stephen\\Documents\\trae_projects\\symbi-resonate\\src\\lib\\audit\\base64.ts","statementMap":{"0":{"start":{"line":1,"column":0},"end":{"line":1,"column":16}},"1":{"start":{"line":12,"column":0},"end":{"line":12,"column":16}},"2":{"start":{"line":2,"column":2},"end":{"line":7,"column":3}},"3":{"start":{"line":3,"column":16},"end":{"line":3,"column":25}},"4":{"start":{"line":4,"column":16},"end":{"line":4,"column":42}},"5":{"start":{"line":5,"column":4},"end":{"line":5,"column":null}},"6":{"start":{"line":5,"column":17},"end":{"line":5,"column":18}},"7":{"start":{"line":5,"column":41},"end":{"line":5,"column":null}},"8":{"start":{"line":6,"column":4},"end":{"line":6,"column":null}},"9":{"start":{"line":8,"column":14},"end":{"line":8,"column":36}},"10":{"start":{"line":9,"column":2},"end":{"line":9,"column":null}},"11":{"start":{"line":13,"column":2},"end":{"line":17,"column":3}},"12":{"start":{"line":14,"column":12},"end":{"line":14,"column":14}},"13":{"start":{"line":15,"column":4},"end":{"line":15,"column":null}},"14":{"start":{"line":15,"column":17},"end":{"line":15,"column":18}},"15":{"start":{"line":15,"column":43},"end":{"line":15,"column":null}},"16":{"start":{"line":16,"column":4},"end":{"line":16,"column":null}},"17":{"start":{"line":18,"column":14},"end":{"line":18,"column":36}},"18":{"start":{"line":19,"column":2},"end":{"line":19,"column":null}}},"fnMap":{"0":{"name":"b64ToUint8","decl":{"start":{"line":1,"column":16},"end":{"line":1,"column":26}},"loc":{"start":{"line":1,"column":38},"end":{"line":10,"column":1}}},"1":{"name":"uint8ToB64","decl":{"start":{"line":12,"column":16},"end":{"line":12,"column":26}},"loc":{"start":{"line":12,"column":44},"end":{"line":20,"column":1}}}},"branchMap":{"0":{"loc":{"start":{"line":2,"column":2},"end":{"line":7,"column":3}},"type":"if","locations":[{"start":{"line":2,"column":2},"end":{"line":7,"column":3}}]},"1":{"loc":{"start":{"line":13,"column":2},"end":{"line":17,"column":3}},"type":"if","locations":[{"start":{"line":13,"column":2},"end":{"line":17,"column":3}}]}},"s":{"0":4,"1":4,"2":1,"3":1,"4":1,"5":1,"6":1,"7":6,"8":1,"9":0,"10":0,"11":1,"12":1,"13":1,"14":1,"15":6,"16":1,"17":0,"18":0},"f":{"0":1,"1":1},"b":{"0":[1],"1":[1]}}
,"C:\\Users\\Stephen\\Documents\\trae_projects\\symbi-resonate\\src\\lib\\audit\\crypto-utils.ts": {"path":"C:\\Users\\Stephen\\Documents\\trae_projects\\symbi-resonate\\src\\lib\\audit\\crypto-utils.ts","statementMap":{"0":{"start":{"line":3,"column":0},"end":{"line":3,"column":7}},"1":{"start":{"line":15,"column":0},"end":{"line":15,"column":7}},"2":{"start":{"line":32,"column":0},"end":{"line":32,"column":7}},"3":{"start":{"line":47,"column":0},"end":{"line":47,"column":7}},"4":{"start":{"line":1,"column":0},"end":{"line":1,"column":49}},"5":{"start":{"line":4,"column":14},"end":{"line":4,"column":31}},"6":{"start":{"line":5,"column":2},"end":{"line":8,"column":3}},"7":{"start":{"line":6,"column":16},"end":{"line":6,"column":72}},"8":{"start":{"line":7,"column":4},"end":{"line":7,"column":null}},"9":{"start":{"line":7,"column":52},"end":{"line":7,"column":83}},"10":{"start":{"line":9,"column":21},"end":{"line":9,"column":48}},"11":{"start":{"line":10,"column":2},"end":{"line":10,"column":null}},"12":{"start":{"line":16,"column":21},"end":{"line":16,"column":53}},"13":{"start":{"line":17,"column":2},"end":{"line":19,"column":3}},"14":{"start":{"line":18,"column":4},"end":{"line":18,"column":null}},"15":{"start":{"line":20,"column":15},"end":{"line":20,"column":93}},"16":{"start":{"line":20,"column":77},"end":{"line":20,"column":92}},"17":{"start":{"line":21,"column":14},"end":{"line":21,"column":91}},"18":{"start":{"line":21,"column":75},"end":{"line":21,"column":90}},"19":{"start":{"line":22,"column":2},"end":{"line":26,"column":3}},"20":{"start":{"line":23,"column":16},"end":{"line":23,"column":98}},"21":{"start":{"line":24,"column":16},"end":{"line":24,"column":65}},"22":{"start":{"line":25,"column":4},"end":{"line":25,"column":null}},"23":{"start":{"line":27,"column":15},"end":{"line":27,"column":40}},"24":{"start":{"line":28,"column":14},"end":{"line":28,"column":47}},"25":{"start":{"line":29,"column":2},"end":{"line":29,"column":null}},"26":{"start":{"line":29,"column":71},"end":{"line":29,"column":101}},"27":{"start":{"line":33,"column":2},"end":{"line":33,"column":null}},"28":{"start":{"line":33,"column":30},"end":{"line":33,"column":null}},"29":{"start":{"line":34,"column":14},"end":{"line":34,"column":31}},"30":{"start":{"line":35,"column":2},"end":{"line":43,"column":3}},"31":{"start":{"line":36,"column":27},"end":{"line":36,"column":29}},"32":{"start":{"line":37,"column":4},"end":{"line":41,"column":5}},"33":{"start":{"line":37,"column":17},"end":{"line":37,"column":18}},"34":{"start":{"line":38,"column":19},"end":{"line":38,"column":27}},"35":{"start":{"line":39,"column":20},"end":{"line":39,"column":40}},"36":{"start":{"line":40,"column":6},"end":{"line":40,"column":null}},"37":{"start":{"line":42,"column":4},"end":{"line":42,"column":null}},"38":{"start":{"line":44,"column":2},"end":{"line":44,"column":null}},"39":{"start":{"line":49,"column":19},"end":{"line":49,"column":90}},"40":{"start":{"line":50,"column":2},"end":{"line":56,"column":3}},"41":{"start":{"line":51,"column":4},"end":{"line":55,"column":14}},"42":{"start":{"line":52,"column":18},"end":{"line":52,"column":62}},"43":{"start":{"line":53,"column":18},"end":{"line":53,"column":26}},"44":{"start":{"line":54,"column":6},"end":{"line":54,"column":null}},"45":{"start":{"line":54,"column":15},"end":{"line":54,"column":null}},"46":{"start":{"line":57,"column":18},"end":{"line":57,"column":105}},"47":{"start":{"line":58,"column":2},"end":{"line":58,"column":null}},"48":{"start":{"line":58,"column":22},"end":{"line":58,"column":null}},"49":{"start":{"line":59,"column":2},"end":{"line":69,"column":3}},"50":{"start":{"line":60,"column":4},"end":{"line":68,"column":14}},"51":{"start":{"line":61,"column":25},"end":{"line":61,"column":57}},"52":{"start":{"line":62,"column":6},"end":{"line":66,"column":7}},"53":{"start":{"line":63,"column":20},"end":{"line":63,"column":81}},"54":{"start":{"line":64,"column":20},"end":{"line":64,"column":28}},"55":{"start":{"line":65,"column":8},"end":{"line":65,"column":null}},"56":{"start":{"line":65,"column":17},"end":{"line":65,"column":null}},"57":{"start":{"line":67,"column":6},"end":{"line":67,"column":null}},"58":{"start":{"line":67,"column":52},"end":{"line":67,"column":null}},"59":{"start":{"line":70,"column":2},"end":{"line":70,"column":null}},"60":{"start":{"line":70,"column":12},"end":{"line":70,"column":null}},"61":{"start":{"line":71,"column":14},"end":{"line":71,"column":32}},"62":{"start":{"line":72,"column":2},"end":{"line":78,"column":3}},"63":{"start":{"line":73,"column":4},"end":{"line":77,"column":14}},"64":{"start":{"line":74,"column":18},"end":{"line":74,"column":99}},"65":{"start":{"line":75,"column":17},"end":{"line":75,"column":73}},"66":{"start":{"line":76,"column":6},"end":{"line":76,"column":null}},"67":{"start":{"line":79,"column":15},"end":{"line":79,"column":40}},"68":{"start":{"line":80,"column":2},"end":{"line":80,"column":null}}},"fnMap":{"0":{"name":"sha256Hex","decl":{"start":{"line":3,"column":22},"end":{"line":3,"column":31}},"loc":{"start":{"line":3,"column":45},"end":{"line":11,"column":1}}},"1":{"name":"(anonymous_1)","decl":{"start":{"line":7,"column":47},"end":{"line":7,"column":48}},"loc":{"start":{"line":7,"column":52},"end":{"line":7,"column":83}}},"2":{"name":"(anonymous_2)","decl":{"start":{"line":9,"column":21},"end":{"line":9,"column":34}},"loc":{"start":{"line":9,"column":21},"end":{"line":9,"column":48}}},"3":{"name":"ed25519Sign","decl":{"start":{"line":15,"column":22},"end":{"line":15,"column":33}},"loc":{"start":{"line":15,"column":53},"end":{"line":30,"column":1}}},"4":{"name":"(anonymous_4)","decl":{"start":{"line":16,"column":21},"end":{"line":16,"column":34}},"loc":{"start":{"line":16,"column":21},"end":{"line":16,"column":53}}},"5":{"name":"(anonymous_5)","decl":{"start":{"line":20,"column":72},"end":{"line":20,"column":73}},"loc":{"start":{"line":20,"column":77},"end":{"line":20,"column":92}}},"6":{"name":"(anonymous_6)","decl":{"start":{"line":21,"column":70},"end":{"line":21,"column":71}},"loc":{"start":{"line":21,"column":75},"end":{"line":21,"column":90}}},"7":{"name":"(anonymous_7)","decl":{"start":{"line":27,"column":15},"end":{"line":27,"column":28}},"loc":{"start":{"line":27,"column":15},"end":{"line":27,"column":40}}},"8":{"name":"(anonymous_8)","decl":{"start":{"line":29,"column":68},"end":{"line":29,"column":69}},"loc":{"start":{"line":29,"column":71},"end":{"line":29,"column":101}}},"9":{"name":"merkleRoot","decl":{"start":{"line":32,"column":22},"end":{"line":32,"column":32}},"loc":{"start":{"line":32,"column":52},"end":{"line":45,"column":1}}},"10":{"name":"ed25519Verify","decl":{"start":{"line":47,"column":22},"end":{"line":47,"column":35}},"loc":{"start":{"line":47,"column":84},"end":{"line":81,"column":1}}},"11":{"name":"(anonymous_11)","decl":{"start":{"line":61,"column":25},"end":{"line":61,"column":38}},"loc":{"start":{"line":61,"column":25},"end":{"line":61,"column":57}}},"12":{"name":"(anonymous_12)","decl":{"start":{"line":79,"column":15},"end":{"line":79,"column":28}},"loc":{"start":{"line":79,"column":15},"end":{"line":79,"column":40}}}},"branchMap":{"0":{"loc":{"start":{"line":5,"column":2},"end":{"line":8,"column":3}},"type":"if","locations":[{"start":{"line":5,"column":2},"end":{"line":8,"column":3}}]},"1":{"loc":{"start":{"line":5,"column":6},"end":{"line":5,"column":52}},"type":"binary-expr","locations":[{"start":{"line":5,"column":6},"end":{"line":5,"column":35}},{"start":{"line":5,"column":39},"end":{"line":5,"column":52}}]},"2":{"loc":{"start":{"line":17,"column":2},"end":{"line":19,"column":3}},"type":"if","locations":[{"start":{"line":17,"column":2},"end":{"line":19,"column":3}}]},"3":{"loc":{"start":{"line":17,"column":6},"end":{"line":17,"column":77}},"type":"binary-expr","locations":[{"start":{"line":17,"column":6},"end":{"line":17,"column":40}},{"start":{"line":17,"column":44},"end":{"line":17,"column":77}}]},"4":{"loc":{"start":{"line":22,"column":2},"end":{"line":26,"column":3}},"type":"if","locations":[{"start":{"line":22,"column":2},"end":{"line":26,"column":3}}]},"5":{"loc":{"start":{"line":22,"column":6},"end":{"line":22,"column":52}},"type":"binary-expr","locations":[{"start":{"line":22,"column":6},"end":{"line":22,"column":35}},{"start":{"line":22,"column":39},"end":{"line":22,"column":52}}]},"6":{"loc":{"start":{"line":33,"column":2},"end":{"line":33,"column":null}},"type":"if","locations":[{"start":{"line":33,"column":2},"end":{"line":33,"column":null}}]},"7":{"loc":{"start":{"line":39,"column":20},"end":{"line":39,"column":40}},"type":"binary-expr","locations":[{"start":{"line":39,"column":20},"end":{"line":39,"column":32}},{"start":{"line":39,"column":36},"end":{"line":39,"column":40}}]},"8":{"loc":{"start":{"line":49,"column":19},"end":{"line":49,"column":90}},"type":"binary-expr","locations":[{"start":{"line":49,"column":19},"end":{"line":49,"column":55}},{"start":{"line":49,"column":59},"end":{"line":49,"column":90}}]},"9":{"loc":{"start":{"line":50,"column":2},"end":{"line":56,"column":3}},"type":"if","locations":[{"start":{"line":50,"column":2},"end":{"line":56,"column":3}}]},"10":{"loc":{"start":{"line":54,"column":6},"end":{"line":54,"column":null}},"type":"if","locations":[{"start":{"line":54,"column":6},"end":{"line":54,"column":null}}]},"11":{"loc":{"start":{"line":57,"column":18},"end":{"line":57,"column":105}},"type":"binary-expr","locations":[{"start":{"line":57,"column":18},"end":{"line":57,"column":62}},{"start":{"line":57,"column":66},"end":{"line":57,"column":105}}]},"12":{"loc":{"start":{"line":58,"column":2},"end":{"line":58,"column":null}},"type":"if","locations":[{"start":{"line":58,"column":2},"end":{"line":58,"column":null}}]},"13":{"loc":{"start":{"line":58,"column":6},"end":{"line":58,"column":20}},"type":"binary-expr","locations":[{"start":{"line":58,"column":6},"end":{"line":58,"column":10}},{"start":{"line":58,"column":14},"end":{"line":58,"column":20}}]},"14":{"loc":{"start":{"line":59,"column":2},"end":{"line":69,"column":3}},"type":"if","locations":[{"start":{"line":59,"column":2},"end":{"line":69,"column":3}}]},"15":{"loc":{"start":{"line":62,"column":6},"end":{"line":66,"column":7}},"type":"if","locations":[{"start":{"line":62,"column":6},"end":{"line":66,"column":7}}]},"16":{"loc":{"start":{"line":65,"column":8},"end":{"line":65,"column":null}},"type":"if","locations":[{"start":{"line":65,"column":8},"end":{"line":65,"column":null}}]},"17":{"loc":{"start":{"line":67,"column":6},"end":{"line":67,"column":null}},"type":"if","locations":[{"start":{"line":67,"column":6},"end":{"line":67,"column":null}}]},"18":{"loc":{"start":{"line":67,"column":10},"end":{"line":67,"column":50}},"type":"binary-expr","locations":[{"start":{"line":67,"column":10},"end":{"line":67,"column":14}},{"start":{"line":67,"column":18},"end":{"line":67,"column":50}}]},"19":{"loc":{"start":{"line":70,"column":2},"end":{"line":70,"column":null}},"type":"if","locations":[{"start":{"line":70,"column":2},"end":{"line":70,"column":null}}]},"20":{"loc":{"start":{"line":72,"column":2},"end":{"line":78,"column":3}},"type":"if","locations":[{"start":{"line":72,"column":2},"end":{"line":78,"column":3}}]},"21":{"loc":{"start":{"line":72,"column":6},"end":{"line":72,"column":52}},"type":"binary-expr","locations":[{"start":{"line":72,"column":6},"end":{"line":72,"column":35}},{"start":{"line":72,"column":39},"end":{"line":72,"column":52}}]}},"s":{"0":3,"1":3,"2":3,"3":3,"4":3,"5":1,"6":1,"7":1,"8":1,"9":32,"10":0,"11":0,"12":0,"13":0,"14":0,"15":0,"16":0,"17":0,"18":0,"19":0,"20":0,"21":0,"22":0,"23":0,"24":0,"25":0,"26":0,"27":0,"28":0,"29":0,"30":0,"31":0,"32":0,"33":0,"34":0,"35":0,"36":0,"37":0,"38":0,"39":2,"40":2,"41":1,"42":1,"43":1,"44":1,"45":0,"46":2,"47":2,"48":0,"49":2,"50":2,"51":4,"52":0,"53":0,"54":0,"55":0,"56":0,"57":0,"58":0,"59":2,"60":2,"61":0,"62":0,"63":0,"64":0,"65":0,"66":0,"67":0,"68":0},"f":{"0":1,"1":32,"2":0,"3":0,"4":0,"5":0,"6":0,"7":0,"8":0,"9":0,"10":2,"11":2,"12":0},"b":{"0":[1],"1":[1,1],"2":[0],"3":[0,0],"4":[0],"5":[0,0],"6":[0],"7":[0,0],"8":[2,2],"9":[1],"10":[0],"11":[2,2],"12":[0],"13":[2,2],"14":[2],"15":[0],"16":[0],"17":[0],"18":[0,0],"19":[2],"20":[0],"21":[0,0]}}
}
