TN:
SF:lib\audit\base64.ts
FN:1,b64ToUint8
FN:12,uint8ToB64
FNF:2
FNH:2
FNDA:1,b64ToUint8
FNDA:1,uint8ToB64
DA:1,3
DA:2,1
DA:3,1
DA:4,1
DA:5,6
DA:6,1
DA:8,0
DA:9,0
DA:12,3
DA:13,1
DA:14,1
DA:15,6
DA:16,1
DA:18,0
DA:19,0
LF:15
LH:11
BRDA:2,0,0,1
BRDA:13,1,0,1
BRF:2
BRH:2
end_of_record
TN:
SF:lib\audit\crypto-utils.ts
FN:3,sha256Hex
FN:7,(anonymous_1)
FN:9,(anonymous_2)
FN:15,ed25519Sign
FN:16,(anonymous_4)
FN:20,(anonymous_5)
FN:21,(anonymous_6)
FN:27,(anonymous_7)
FN:29,(anonymous_8)
FN:32,merkleRoot
FN:47,ed25519Verify
FN:61,(anonymous_11)
FN:79,(anonymous_12)
FNF:13
FNH:4
FNDA:1,sha256Hex
FNDA:32,(anonymous_1)
FNDA:0,(anonymous_2)
FNDA:0,ed25519Sign
FNDA:0,(anonymous_4)
FNDA:0,(anonymous_5)
FNDA:0,(anonymous_6)
FNDA:0,(anonymous_7)
FNDA:0,(anonymous_8)
FNDA:0,merkleRoot
FNDA:1,ed25519Verify
FNDA:1,(anonymous_11)
FNDA:0,(anonymous_12)
DA:1,2
DA:3,2
DA:4,1
DA:5,1
DA:6,1
DA:7,32
DA:9,0
DA:10,0
DA:15,2
DA:16,0
DA:17,0
DA:18,0
DA:20,0
DA:21,0
DA:22,0
DA:23,0
DA:24,0
DA:25,0
DA:27,0
DA:28,0
DA:29,0
DA:32,2
DA:33,0
DA:34,0
DA:35,0
DA:36,0
DA:37,0
DA:38,0
DA:39,0
DA:40,0
DA:42,0
DA:44,0
DA:47,2
DA:49,1
DA:50,1
DA:51,0
DA:52,0
DA:53,0
DA:54,0
DA:57,1
DA:58,1
DA:59,1
DA:60,1
DA:61,2
DA:62,0
DA:63,0
DA:64,0
DA:65,0
DA:67,0
DA:70,1
DA:71,0
DA:72,0
DA:73,0
DA:74,0
DA:75,0
DA:76,0
DA:79,0
DA:80,0
LF:58
LH:17
BRDA:5,0,0,1
BRDA:5,1,0,1
BRDA:5,1,1,1
BRDA:17,2,0,0
BRDA:17,3,0,0
BRDA:17,3,1,0
BRDA:22,4,0,0
BRDA:22,5,0,0
BRDA:22,5,1,0
BRDA:33,6,0,0
BRDA:39,7,0,0
BRDA:39,7,1,0
BRDA:49,8,0,1
BRDA:49,8,1,1
BRDA:50,9,0,0
BRDA:54,10,0,0
BRDA:57,11,0,1
BRDA:57,11,1,1
BRDA:58,12,0,0
BRDA:58,13,0,1
BRDA:58,13,1,1
BRDA:59,14,0,1
BRDA:62,15,0,0
BRDA:65,16,0,0
BRDA:67,17,0,0
BRDA:67,18,0,0
BRDA:67,18,1,0
BRDA:70,19,0,1
BRDA:72,20,0,0
BRDA:72,21,0,0
BRDA:72,21,1,0
BRF:31
BRH:11
end_of_record
