TN:
SF:lib/audit/base64.ts
FN:1,b64ToUint8
FN:12,uint8ToB64
FNF:2
FNH:2
FNDA:3,b64ToUint8
FNDA:3,uint8ToB64
DA:1,6
DA:2,3
DA:3,3
DA:4,3
DA:5,102
DA:6,3
DA:8,0
DA:9,0
DA:12,6
DA:13,3
DA:14,3
DA:15,134
DA:16,3
DA:18,0
DA:19,0
LF:15
LH:11
BRDA:2,0,0,3
BRDA:13,1,0,3
BRF:2
BRH:2
end_of_record
TN:
SF:lib/audit/crypto-utils.ts
FN:3,sha256Hex
FN:7,(anonymous_1)
FN:9,(anonymous_2)
FN:15,ed25519Sign
FN:19,(anonymous_4)
FN:20,(anonymous_5)
FN:21,(anonymous_6)
FN:23,(anonymous_7)
FN:26,merkleRoot
FN:41,ed25519Verify
FN:56,(anonymous_10)
FN:74,(anonymous_11)
FNF:12
FNH:10
FNDA:28,sha256Hex
FNDA:896,(anonymous_1)
FNDA:0,(anonymous_2)
FNDA:2,ed25519Sign
FNDA:128,(anonymous_4)
FNDA:64,(anonymous_5)
FNDA:2,(anonymous_6)
FNDA:64,(anonymous_7)
FNDA:3,merkleRoot
FNDA:4,ed25519Verify
FNDA:1,(anonymous_10)
FNDA:0,(anonymous_11)
DA:1,5
DA:3,5
DA:4,28
DA:5,28
DA:6,28
DA:7,896
DA:9,0
DA:10,0
DA:15,5
DA:16,2
DA:17,2
DA:18,2
DA:19,128
DA:20,64
DA:21,4
DA:22,2
DA:23,64
DA:26,5
DA:27,3
DA:28,3
DA:29,3
DA:30,6
DA:31,6
DA:32,9
DA:33,9
DA:34,9
DA:36,6
DA:38,3
DA:41,5
DA:43,4
DA:44,4
DA:45,2
DA:46,2
DA:47,2
DA:48,2
DA:49,2
DA:52,2
DA:53,2
DA:54,2
DA:55,1
DA:56,2
DA:57,0
DA:58,0
DA:59,0
DA:60,0
DA:62,0
DA:65,2
DA:66,1
DA:67,1
DA:68,1
DA:69,1
DA:70,1
DA:71,1
DA:74,0
DA:75,0
LF:55
LH:46
BRDA:5,0,0,28
BRDA:5,1,0,28
BRDA:5,1,1,28
BRDA:16,2,0,2
BRDA:16,2,1,0
BRDA:17,3,0,2
BRDA:17,3,1,0
BRDA:18,4,0,0
BRDA:18,5,0,2
BRDA:18,5,1,2
BRDA:27,6,0,0
BRDA:33,7,0,9
BRDA:33,7,1,1
BRDA:43,8,0,4
BRDA:43,8,1,3
BRDA:44,9,0,2
BRDA:48,10,0,0
BRDA:48,10,1,2
BRDA:52,11,0,2
BRDA:52,11,1,1
BRDA:53,12,0,1
BRDA:53,13,0,2
BRDA:53,13,1,2
BRDA:54,14,0,1
BRDA:57,15,0,0
BRDA:60,16,0,0
BRDA:62,17,0,0
BRDA:62,18,0,0
BRDA:62,18,1,0
BRDA:65,19,0,1
BRDA:67,20,0,1
BRDA:67,21,0,1
BRDA:67,21,1,1
BRF:33
BRH:23
end_of_record
